[debug] [2025-09-22T12:40:44.722Z] ----------------------------------------------------------------------
[debug] [2025-09-22T12:40:44.728Z] Command:       C:\Program Files\nodejs\node.exe C:\Users\AKR-LAPTOP\AppData\Roaming\npm\node_modules\firebase-tools\lib\bin\firebase.js init
[debug] [2025-09-22T12:40:44.729Z] CLI Version:   14.17.0
[debug] [2025-09-22T12:40:44.729Z] Platform:      win32
[debug] [2025-09-22T12:40:44.729Z] Node Version:  v22.18.0
[debug] [2025-09-22T12:40:44.730Z] Time:          Mon Sep 22 2025 17:40:44 GMT+0500 (Pakistan Standard Time)
[debug] [2025-09-22T12:40:44.730Z] ----------------------------------------------------------------------
[debug] 
[debug] [2025-09-22T12:40:44.733Z] >>> [apiv2][query] GET https://firebase-public.firebaseio.com/cli.json [none]
[debug] [2025-09-22T12:40:44.816Z] > command requires scopes: ["email","openid","https://www.googleapis.com/auth/cloudplatformprojects.readonly","https://www.googleapis.com/auth/firebase","https://www.googleapis.com/auth/cloud-platform"]
[debug] [2025-09-22T12:40:44.816Z] > authorizing via signed-in user (ibrarulhaq934@gmail.com)
[info] 
     ######## #### ########  ######## ########     ###     ######  ########
     ##        ##  ##     ## ##       ##     ##  ##   ##  ##       ##
     ######    ##  ########  ######   ########  #########  ######  ######
     ##        ##  ##    ##  ##       ##     ## ##     ##       ## ##
     ##       #### ##     ## ######## ########  ##     ##  ######  ########

You're about to initialize a Firebase project in this directory:

  D:\hashloop\reactNotification\project

[debug] [2025-09-22T12:40:45.658Z] <<< [apiv2][status] GET https://firebase-public.firebaseio.com/cli.json 200
[debug] [2025-09-22T12:40:45.659Z] <<< [apiv2][body] GET https://firebase-public.firebaseio.com/cli.json {"cloudBuildErrorAfter":1594252800000,"cloudBuildWarnAfter":1590019200000,"defaultNode10After":1594252800000,"minVersion":"3.0.5","node8DeploysDisabledAfter":1613390400000,"node8RuntimeDisabledAfter":1615809600000,"node8WarnAfter":1600128000000}
[info] 
=== Project Setup
[info] 
[info] First, let's associate this project directory with a Firebase project.
[info] You can create multiple project aliases by running firebase use --add, 
[info] but for now we'll just set up a default project.
[info] 
[debug] [2025-09-22T12:41:10.218Z] Checked if tokens are valid: true, expires at: 1758548410479
[debug] [2025-09-22T12:41:10.218Z] Checked if tokens are valid: true, expires at: 1758548410479
[debug] [2025-09-22T12:41:10.219Z] >>> [apiv2][query] GET https://firebase.googleapis.com/v1beta1/projects pageSize=100
[debug] [2025-09-22T12:41:11.364Z] <<< [apiv2][status] GET https://firebase.googleapis.com/v1beta1/projects 200
[debug] [2025-09-22T12:41:11.364Z] <<< [apiv2][body] GET https://firebase.googleapis.com/v1beta1/projects [omitted]
[info] i  Using project notificationproject-781dd (NotificationProject) 
[info] 
=== Hosting Setup
[debug] [2025-09-22T12:42:03.872Z] Checked if tokens are valid: true, expires at: 1758548410479
[debug] [2025-09-22T12:42:03.872Z] Checked if tokens are valid: true, expires at: 1758548410479
[debug] [2025-09-22T12:42:03.873Z] >>> [apiv2][query] GET https://firebase.googleapis.com/v1beta1/projects/notificationproject-781dd [none]
[debug] [2025-09-22T12:42:04.482Z] <<< [apiv2][status] GET https://firebase.googleapis.com/v1beta1/projects/notificationproject-781dd 200
[debug] [2025-09-22T12:42:04.482Z] <<< [apiv2][body] GET https://firebase.googleapis.com/v1beta1/projects/notificationproject-781dd {"projectId":"notificationproject-781dd","projectNumber":"211675517338","displayName":"NotificationProject","name":"projects/notificationproject-781dd","resources":{"hostingSite":"notificationproject-781dd"},"state":"ACTIVE","etag":"1_d4ea55e9-2503-4362-8f04-8a6d5b54ab16"}
[info] 
[info] Your public directory is the folder (relative to your project directory) that
[info] will contain Hosting assets to be uploaded with firebase deploy. If you
[info] have a build process for your assets, use your build's output directory.
[info] 
